<?xml version="1.0" encoding="UTF-8"?>
<testsuite xmlns:xsi="http://www.w3.org/2001/XMLSchema-instance" xsi:noNamespaceSchemaLocation="https://maven.apache.org/surefire/maven-surefire-plugin/xsd/surefire-test-report-3.0.xsd" version="3.0" name="com.sg.flooringmastery.service.FlooringMasteryServiceTest" time="0.1" tests="25" errors="0" skipped="0" failures="0">
  <properties>
[...]
</properties>
  <testcase name="testAddOrderInvalidCustomerName" classname="com.sg.flooringmastery.service.FlooringMasteryServiceTest" time="0.057"/>
  <testcase name="testAddOrderAddDateInPast" classname="com.sg.flooringmastery.service.FlooringMasteryServiceTest" time="0.001"/>
  <testcase name="testGetOrderListGoldenPath" classname="com.sg.flooringmastery.service.FlooringMasteryServiceTest" time="0.004"/>
  <testcase name="testEditOrderNullProduct" classname="com.sg.flooringmastery.service.FlooringMasteryServiceTest" time="0.007"/>
  <testcase name="testAddOrderStateNotInList" classname="com.sg.flooringmastery.service.FlooringMasteryServiceTest" time="0.001"/>
  <testcase name="testAddOrderNullArea" classname="com.sg.flooringmastery.service.FlooringMasteryServiceTest" time="0"/>
  <testcase name="testAddOrderGoldenPath" classname="com.sg.flooringmastery.service.FlooringMasteryServiceTest" time="0.003"/>
  <testcase name="testAddOrderNullCustomerName" classname="com.sg.flooringmastery.service.FlooringMasteryServiceTest" time="0"/>
  <testcase name="testEditOrderNegativeArea" classname="com.sg.flooringmastery.service.FlooringMasteryServiceTest" time="0.001"/>
  <testcase name="testAddOrderEmptyName" classname="com.sg.flooringmastery.service.FlooringMasteryServiceTest" time="0"/>
  <testcase name="testEditOrderNullCustName" classname="com.sg.flooringmastery.service.FlooringMasteryServiceTest" time="0.001"/>
  <testcase name="testEditOrderGoldenPath" classname="com.sg.flooringmastery.service.FlooringMasteryServiceTest" time="0.001"/>
  <testcase name="testAddOrderAreaTooSmall" classname="com.sg.flooringmastery.service.FlooringMasteryServiceTest" time="0"/>
  <testcase name="testAddOrderNullProduct" classname="com.sg.flooringmastery.service.FlooringMasteryServiceTest" time="0"/>
  <testcase name="testAddOrderProductNotInList" classname="com.sg.flooringmastery.service.FlooringMasteryServiceTest" time="0.001"/>
  <testcase name="testGetOneOrderNullDate" classname="com.sg.flooringmastery.service.FlooringMasteryServiceTest" time="0.001"/>
  <testcase name="testGetOneOrderGoldenPath" classname="com.sg.flooringmastery.service.FlooringMasteryServiceTest" time="0"/>
  <testcase name="testEditOrderNullState" classname="com.sg.flooringmastery.service.FlooringMasteryServiceTest" time="0"/>
  <testcase name="testEditOrderInvalidProduct" classname="com.sg.flooringmastery.service.FlooringMasteryServiceTest" time="0.001"/>
  <testcase name="testEditOrderInvalidName" classname="com.sg.flooringmastery.service.FlooringMasteryServiceTest" time="0.001"/>
  <testcase name="testGetOneOrderInvalidOrderNum" classname="com.sg.flooringmastery.service.FlooringMasteryServiceTest" time="0"/>
  <testcase name="testEditOrderStateNotInList" classname="com.sg.flooringmastery.service.FlooringMasteryServiceTest" time="0"/>
  <testcase name="testDeleteOrderGoldenPath" classname="com.sg.flooringmastery.service.FlooringMasteryServiceTest" time="0.001"/>
  <testcase name="testEditOrderAreaTooSmall" classname="com.sg.flooringmastery.service.FlooringMasteryServiceTest" time="0"/>
  <testcase name="testAddOrderNullState" classname="com.sg.flooringmastery.service.FlooringMasteryServiceTest" time="0.001"/>
</testsuite>